Compiled jquery.js  (2ms)  (pid 84145)
Compiled jquery_ujs.js  (0ms)  (pid 84145)
Compiled back-to-top.js  (0ms)  (pid 84145)
Compiled bootstrap.js  (0ms)  (pid 84145)
Compiled bootstrap.min.js  (0ms)  (pid 84145)
Compiled home.js  (635ms)  (pid 84145)
Compiled application.js  (697ms)  (pid 84145)
Compiled about.css  (0ms)  (pid 84145)
Compiled base.css  (0ms)  (pid 84145)
Compiled bootstrap-responsive.css  (0ms)  (pid 84145)
Compiled bootstrap-responsive.min.css  (0ms)  (pid 84145)
Compiled bootstrap.css  (1ms)  (pid 84145)
Compiled bootstrap.min.css  (1ms)  (pid 84145)
Compiled home.css  (97ms)  (pid 84145)
Compiled layout.css  (0ms)  (pid 84145)
Compiled skeleton.css  (0ms)  (pid 84145)
Compiled style.css  (0ms)  (pid 84145)
Compiled team.css  (0ms)  (pid 84145)
Compiled application.css  (277ms)  (pid 84145)
Compiled jquery.js  (2ms)  (pid 84145)
Compiled jquery_ujs.js  (0ms)  (pid 84145)
Compiled back-to-top.js  (0ms)  (pid 84145)
Compiled bootstrap.js  (0ms)  (pid 84145)
Compiled bootstrap.min.js  (0ms)  (pid 84145)
Compiled home.js  (127ms)  (pid 84145)
Compiled application.js  (183ms)  (pid 84145)
Compiled about.css  (0ms)  (pid 84145)
Compiled base.css  (0ms)  (pid 84145)
Compiled bootstrap-responsive.css  (0ms)  (pid 84145)
Compiled bootstrap-responsive.min.css  (0ms)  (pid 84145)
Compiled bootstrap.css  (0ms)  (pid 84145)
Compiled bootstrap.min.css  (0ms)  (pid 84145)
Compiled home.css  (6ms)  (pid 84145)
Compiled layout.css  (0ms)  (pid 84145)
Compiled skeleton.css  (0ms)  (pid 84145)
Compiled style.css  (0ms)  (pid 84145)
Compiled team.css  (0ms)  (pid 84145)
Compiled application.css  (58ms)  (pid 84145)
Compiled jquery.js  (2ms)  (pid 84167)
Compiled jquery_ujs.js  (0ms)  (pid 84167)
Compiled back-to-top.js  (0ms)  (pid 84167)
Compiled bootstrap.js  (0ms)  (pid 84167)
Compiled bootstrap.min.js  (0ms)  (pid 84167)
Compiled home.js  (128ms)  (pid 84167)
Compiled application.js  (178ms)  (pid 84167)
Compiled about.css  (0ms)  (pid 84167)
Compiled base.css  (0ms)  (pid 84167)
Compiled bootstrap-responsive.css  (0ms)  (pid 84167)
Compiled bootstrap-responsive.min.css  (0ms)  (pid 84167)
Compiled bootstrap.css  (0ms)  (pid 84167)
Compiled bootstrap.min.css  (0ms)  (pid 84167)
Compiled home.css  (7ms)  (pid 84167)
Compiled layout.css  (0ms)  (pid 84167)
Compiled skeleton.css  (0ms)  (pid 84167)
Compiled style.css  (0ms)  (pid 84167)
Compiled team.css  (0ms)  (pid 84167)
Compiled application.css  (57ms)  (pid 84167)
Compiled jquery.js  (2ms)  (pid 84167)
Compiled jquery_ujs.js  (0ms)  (pid 84167)
Compiled back-to-top.js  (0ms)  (pid 84167)
Compiled bootstrap.js  (0ms)  (pid 84167)
Compiled bootstrap.min.js  (0ms)  (pid 84167)
Compiled home.js  (224ms)  (pid 84167)
Compiled application.js  (302ms)  (pid 84167)
Compiled about.css  (0ms)  (pid 84167)
Compiled base.css  (0ms)  (pid 84167)
Compiled bootstrap-responsive.css  (0ms)  (pid 84167)
Compiled bootstrap-responsive.min.css  (0ms)  (pid 84167)
Compiled bootstrap.css  (0ms)  (pid 84167)
Compiled bootstrap.min.css  (0ms)  (pid 84167)
Compiled home.css  (13ms)  (pid 84167)
Compiled layout.css  (0ms)  (pid 84167)
Compiled skeleton.css  (0ms)  (pid 84167)
Compiled style.css  (0ms)  (pid 84167)
Compiled team.css  (0ms)  (pid 84167)
Compiled application.css  (86ms)  (pid 84167)
